0 info it worked if it ends with ok
1 verbose cli [ 'C:\\Program Files (x86)\\nodejs\\\\node.exe',
1 verbose cli   'C:\\Program Files (x86)\\nodejs\\node_modules\\npm\\bin\\npm-cli.js',
1 verbose cli   'install',
1 verbose cli   'stream.pipe' ]
2 info using npm@1.4.21
3 info using node@v0.10.30
4 verbose node symlink C:\Program Files (x86)\nodejs\\node.exe
5 warn package.json mtgbot@0.0.1 No repository field.
6 warn package.json mtgbot@0.0.1 No README data
7 verbose readDependencies using package.json deps
8 verbose cache add [ 'stream.pipe', null ]
9 verbose cache add name=undefined spec="stream.pipe" args=["stream.pipe",null]
10 verbose parsed url { protocol: null,
10 verbose parsed url   slashes: null,
10 verbose parsed url   auth: null,
10 verbose parsed url   host: null,
10 verbose parsed url   port: null,
10 verbose parsed url   hostname: null,
10 verbose parsed url   hash: null,
10 verbose parsed url   search: null,
10 verbose parsed url   query: null,
10 verbose parsed url   pathname: 'stream.pipe',
10 verbose parsed url   path: 'stream.pipe',
10 verbose parsed url   href: 'stream.pipe' }
11 silly lockFile c2c71fa6-stream-pipe stream.pipe
12 verbose lock stream.pipe C:\Users\vn0000094.KPNNL\AppData\Roaming\npm-cache\c2c71fa6-stream-pipe.lock
13 silly lockFile c2c71fa6-stream-pipe stream.pipe
14 silly lockFile c2c71fa6-stream-pipe stream.pipe
15 verbose addNamed [ 'stream.pipe', '' ]
16 verbose addNamed [ null, '*' ]
17 silly lockFile 08f69608-stream-pipe stream.pipe@
18 verbose lock stream.pipe@ C:\Users\vn0000094.KPNNL\AppData\Roaming\npm-cache\08f69608-stream-pipe.lock
19 silly addNameRange { name: 'stream.pipe', range: '*', hasData: false }
20 verbose request where is /stream.pipe
21 verbose request registry https://registry.npmjs.org/
22 verbose request id 5f831ffb9a450ce7
23 verbose url raw /stream.pipe
24 verbose url resolving [ 'https://registry.npmjs.org/', './stream.pipe' ]
25 verbose url resolved https://registry.npmjs.org/stream.pipe
26 verbose request where is https://registry.npmjs.org/stream.pipe
27 info trying registry request attempt 1 at 19:36:38
28 http GET https://registry.npmjs.org/stream.pipe
29 http 404 https://registry.npmjs.org/stream.pipe
30 verbose headers { server: 'CouchDB/1.5.0 (Erlang OTP/R16B03)',
30 verbose headers   'content-type': 'application/json',
30 verbose headers   'cache-control': 'max-age=0',
30 verbose headers   'content-length': '51',
30 verbose headers   'accept-ranges': 'bytes',
30 verbose headers   date: 'Thu, 25 Jun 2015 17:36:39 GMT',
30 verbose headers   via: '1.1 varnish',
30 verbose headers   age: '0',
30 verbose headers   connection: 'keep-alive',
30 verbose headers   'x-served-by': 'cache-ams4134-AMS',
30 verbose headers   'x-cache': 'MISS',
30 verbose headers   'x-cache-hits': '0',
30 verbose headers   'x-timer': 'S1435253798.758835,VS0,VE382' }
31 silly registry.get cb [ 404,
31 silly registry.get   { server: 'CouchDB/1.5.0 (Erlang OTP/R16B03)',
31 silly registry.get     'content-type': 'application/json',
31 silly registry.get     'cache-control': 'max-age=0',
31 silly registry.get     'content-length': '51',
31 silly registry.get     'accept-ranges': 'bytes',
31 silly registry.get     date: 'Thu, 25 Jun 2015 17:36:39 GMT',
31 silly registry.get     via: '1.1 varnish',
31 silly registry.get     age: '0',
31 silly registry.get     connection: 'keep-alive',
31 silly registry.get     'x-served-by': 'cache-ams4134-AMS',
31 silly registry.get     'x-cache': 'MISS',
31 silly registry.get     'x-cache-hits': '0',
31 silly registry.get     'x-timer': 'S1435253798.758835,VS0,VE382' } ]
32 silly lockFile 08f69608-stream-pipe stream.pipe@
33 silly lockFile 08f69608-stream-pipe stream.pipe@
34 error 404 404 Not Found: stream.pipe
34 error 404
34 error 404 'stream.pipe' is not in the npm registry.
34 error 404 You should bug the author to publish it
34 error 404 It was specified as a dependency of 'mtgbot'
34 error 404
34 error 404 Note that you can also install from a
34 error 404 tarball, folder, or http url, or git url.
35 error System Windows_NT 6.2.9200
36 error command "C:\\Program Files (x86)\\nodejs\\\\node.exe" "C:\\Program Files (x86)\\nodejs\\node_modules\\npm\\bin\\npm-cli.js" "install" "stream.pipe"
37 error cwd C:\mtgbot nodejs
38 error node -v v0.10.30
39 error npm -v 1.4.21
40 error code E404
41 verbose exit [ 1, true ]
